<?xml version="1.0" encoding="UTF-8"?>
<testng-results skipped="0" failed="0" ignored="0" total="1" passed="1">
  <reporter-output>
  </reporter-output>
  <suite name="Default suite" duration-ms="10050" started-at="2022-02-10T23:54:51 EST" finished-at="2022-02-10T23:55:01 EST">
    <groups>
    </groups>
    <test name="Default test" duration-ms="10050" started-at="2022-02-10T23:54:51 EST" finished-at="2022-02-10T23:55:01 EST">
      <class name="com.smoke.practice.SmokeTest">
        <test-method status="PASS" signature="testNG()[pri:0, instance:com.smoke.practice.SmokeTest@612fc6eb]" name="testNG" duration-ms="10025" started-at="2022-02-10T23:54:51 EST" finished-at="2022-02-10T23:55:01 EST">
          <reporter-output>
          </reporter-output>
        </test-method> <!-- testNG -->
      </class> <!-- com.smoke.practice.SmokeTest -->
    </test> <!-- Default test -->
  </suite> <!-- Default suite -->
</testng-results>
