<?xml version="1.0" encoding="UTF-8"?>
<testng-results skipped="0" failed="0" ignored="0" total="1" passed="1">
  <reporter-output>
  </reporter-output>
  <suite name="Default suite" duration-ms="8923" started-at="2022-01-30T14:11:23 EST" finished-at="2022-01-30T14:11:32 EST">
    <groups>
    </groups>
    <test name="Default test" duration-ms="8923" started-at="2022-01-30T14:11:23 EST" finished-at="2022-01-30T14:11:32 EST">
      <class name="com.smoke.practice.SmokeTest">
        <test-method status="PASS" signature="testNG()[pri:0, instance:com.smoke.practice.SmokeTest@8646db9]" name="testNG" duration-ms="8896" started-at="2022-01-30T14:11:23 EST" finished-at="2022-01-30T14:11:32 EST">
          <reporter-output>
          </reporter-output>
        </test-method> <!-- testNG -->
      </class> <!-- com.smoke.practice.SmokeTest -->
    </test> <!-- Default test -->
  </suite> <!-- Default suite -->
</testng-results>
